2024-03-15 09:13:45.8658|DEBUG|Program|Init main
2024-03-15 09:13:48.3212|DEBUG|Microsoft.AspNetCore.Mvc.Razor.Compilation.DefaultViewCompiler|Initializing Razor view compiler with compiled view: '/Areas/Identity/Pages/Account/AccessDenied.cshtml'.
2024-03-15 09:13:48.3212|DEBUG|Microsoft.AspNetCore.Mvc.Razor.Compilation.DefaultViewCompiler|Initializing Razor view compiler with compiled view: '/Areas/Identity/Pages/Account/ConfirmEmail.cshtml'.
2024-03-15 09:13:48.3212|DEBUG|Microsoft.AspNetCore.Mvc.Razor.Compilation.DefaultViewCompiler|Initializing Razor view compiler with compiled view: '/Areas/Identity/Pages/Account/ConfirmEmailChange.cshtml'.
2024-03-15 09:13:48.3212|DEBUG|Microsoft.AspNetCore.Mvc.Razor.Compilation.DefaultViewCompiler|Initializing Razor view compiler with compiled view: '/Areas/Identity/Pages/Account/ExternalLogin.cshtml'.
2024-03-15 09:13:48.3212|DEBUG|Microsoft.AspNetCore.Mvc.Razor.Compilation.DefaultViewCompiler|Initializing Razor view compiler with compiled view: '/Areas/Identity/Pages/Account/ForgotPassword.cshtml'.
2024-03-15 09:13:48.3212|DEBUG|Microsoft.AspNetCore.Mvc.Razor.Compilation.DefaultViewCompiler|Initializing Razor view compiler with compiled view: '/Areas/Identity/Pages/Account/ForgotPasswordConfirmation.cshtml'.
2024-03-15 09:13:48.3212|DEBUG|Microsoft.AspNetCore.Mvc.Razor.Compilation.DefaultViewCompiler|Initializing Razor view compiler with compiled view: '/Areas/Identity/Pages/Account/Lockout.cshtml'.
2024-03-15 09:13:48.3212|DEBUG|Microsoft.AspNetCore.Mvc.Razor.Compilation.DefaultViewCompiler|Initializing Razor view compiler with compiled view: '/Areas/Identity/Pages/Account/Login.cshtml'.
2024-03-15 09:13:48.3212|DEBUG|Microsoft.AspNetCore.Mvc.Razor.Compilation.DefaultViewCompiler|Initializing Razor view compiler with compiled view: '/Areas/Identity/Pages/Account/LoginWith2fa.cshtml'.
2024-03-15 09:13:48.3212|DEBUG|Microsoft.AspNetCore.Mvc.Razor.Compilation.DefaultViewCompiler|Initializing Razor view compiler with compiled view: '/Areas/Identity/Pages/Account/LoginWithRecoveryCode.cshtml'.
2024-03-15 09:13:48.3212|DEBUG|Microsoft.AspNetCore.Mvc.Razor.Compilation.DefaultViewCompiler|Initializing Razor view compiler with compiled view: '/Areas/Identity/Pages/Account/Logout.cshtml'.
2024-03-15 09:13:48.3212|DEBUG|Microsoft.AspNetCore.Mvc.Razor.Compilation.DefaultViewCompiler|Initializing Razor view compiler with compiled view: '/Areas/Identity/Pages/Account/Manage/ChangePassword.cshtml'.
2024-03-15 09:13:48.3212|DEBUG|Microsoft.AspNetCore.Mvc.Razor.Compilation.DefaultViewCompiler|Initializing Razor view compiler with compiled view: '/Areas/Identity/Pages/Account/Manage/DeletePersonalData.cshtml'.
2024-03-15 09:13:48.3212|DEBUG|Microsoft.AspNetCore.Mvc.Razor.Compilation.DefaultViewCompiler|Initializing Razor view compiler with compiled view: '/Areas/Identity/Pages/Account/Manage/Disable2fa.cshtml'.
2024-03-15 09:13:48.3212|DEBUG|Microsoft.AspNetCore.Mvc.Razor.Compilation.DefaultViewCompiler|Initializing Razor view compiler with compiled view: '/Areas/Identity/Pages/Account/Manage/DownloadPersonalData.cshtml'.
2024-03-15 09:13:48.3212|DEBUG|Microsoft.AspNetCore.Mvc.Razor.Compilation.DefaultViewCompiler|Initializing Razor view compiler with compiled view: '/Areas/Identity/Pages/Account/Manage/Email.cshtml'.
2024-03-15 09:13:48.3212|DEBUG|Microsoft.AspNetCore.Mvc.Razor.Compilation.DefaultViewCompiler|Initializing Razor view compiler with compiled view: '/Areas/Identity/Pages/Account/Manage/EnableAuthenticator.cshtml'.
2024-03-15 09:13:48.3212|DEBUG|Microsoft.AspNetCore.Mvc.Razor.Compilation.DefaultViewCompiler|Initializing Razor view compiler with compiled view: '/Areas/Identity/Pages/Account/Manage/ExternalLogins.cshtml'.
2024-03-15 09:13:48.3212|DEBUG|Microsoft.AspNetCore.Mvc.Razor.Compilation.DefaultViewCompiler|Initializing Razor view compiler with compiled view: '/Areas/Identity/Pages/Account/Manage/GenerateRecoveryCodes.cshtml'.
2024-03-15 09:13:48.3212|DEBUG|Microsoft.AspNetCore.Mvc.Razor.Compilation.DefaultViewCompiler|Initializing Razor view compiler with compiled view: '/Areas/Identity/Pages/Account/Manage/Index.cshtml'.
2024-03-15 09:13:48.3212|DEBUG|Microsoft.AspNetCore.Mvc.Razor.Compilation.DefaultViewCompiler|Initializing Razor view compiler with compiled view: '/Areas/Identity/Pages/Account/Manage/PersonalData.cshtml'.
2024-03-15 09:13:48.3212|DEBUG|Microsoft.AspNetCore.Mvc.Razor.Compilation.DefaultViewCompiler|Initializing Razor view compiler with compiled view: '/Areas/Identity/Pages/Account/Manage/ResetAuthenticator.cshtml'.
2024-03-15 09:13:48.3212|DEBUG|Microsoft.AspNetCore.Mvc.Razor.Compilation.DefaultViewCompiler|Initializing Razor view compiler with compiled view: '/Areas/Identity/Pages/Account/Manage/SetPassword.cshtml'.
2024-03-15 09:13:48.3212|DEBUG|Microsoft.AspNetCore.Mvc.Razor.Compilation.DefaultViewCompiler|Initializing Razor view compiler with compiled view: '/Areas/Identity/Pages/Account/Manage/ShowRecoveryCodes.cshtml'.
2024-03-15 09:13:48.3212|DEBUG|Microsoft.AspNetCore.Mvc.Razor.Compilation.DefaultViewCompiler|Initializing Razor view compiler with compiled view: '/Areas/Identity/Pages/Account/Manage/TwoFactorAuthentication.cshtml'.
2024-03-15 09:13:48.3212|DEBUG|Microsoft.AspNetCore.Mvc.Razor.Compilation.DefaultViewCompiler|Initializing Razor view compiler with compiled view: '/Areas/Identity/Pages/Account/Manage/_Layout.cshtml'.
2024-03-15 09:13:48.3212|DEBUG|Microsoft.AspNetCore.Mvc.Razor.Compilation.DefaultViewCompiler|Initializing Razor view compiler with compiled view: '/Areas/Identity/Pages/Account/Manage/_ManageNav.cshtml'.
2024-03-15 09:13:48.3212|DEBUG|Microsoft.AspNetCore.Mvc.Razor.Compilation.DefaultViewCompiler|Initializing Razor view compiler with compiled view: '/Areas/Identity/Pages/Account/Manage/_StatusMessage.cshtml'.
2024-03-15 09:13:48.3212|DEBUG|Microsoft.AspNetCore.Mvc.Razor.Compilation.DefaultViewCompiler|Initializing Razor view compiler with compiled view: '/Areas/Identity/Pages/Account/Manage/_ViewImports.cshtml'.
2024-03-15 09:13:48.3212|DEBUG|Microsoft.AspNetCore.Mvc.Razor.Compilation.DefaultViewCompiler|Initializing Razor view compiler with compiled view: '/Areas/Identity/Pages/Account/Manage/_ViewStart.cshtml'.
2024-03-15 09:13:48.3212|DEBUG|Microsoft.AspNetCore.Mvc.Razor.Compilation.DefaultViewCompiler|Initializing Razor view compiler with compiled view: '/Areas/Identity/Pages/Account/Register.cshtml'.
2024-03-15 09:13:48.3212|DEBUG|Microsoft.AspNetCore.Mvc.Razor.Compilation.DefaultViewCompiler|Initializing Razor view compiler with compiled view: '/Areas/Identity/Pages/Account/RegisterConfirmation.cshtml'.
2024-03-15 09:13:48.3212|DEBUG|Microsoft.AspNetCore.Mvc.Razor.Compilation.DefaultViewCompiler|Initializing Razor view compiler with compiled view: '/Areas/Identity/Pages/Account/ResendEmailConfirmation.cshtml'.
2024-03-15 09:13:48.3212|DEBUG|Microsoft.AspNetCore.Mvc.Razor.Compilation.DefaultViewCompiler|Initializing Razor view compiler with compiled view: '/Areas/Identity/Pages/Account/ResetPassword.cshtml'.
2024-03-15 09:13:48.3212|DEBUG|Microsoft.AspNetCore.Mvc.Razor.Compilation.DefaultViewCompiler|Initializing Razor view compiler with compiled view: '/Areas/Identity/Pages/Account/ResetPasswordConfirmation.cshtml'.
2024-03-15 09:13:48.3212|DEBUG|Microsoft.AspNetCore.Mvc.Razor.Compilation.DefaultViewCompiler|Initializing Razor view compiler with compiled view: '/Areas/Identity/Pages/Account/_StatusMessage.cshtml'.
2024-03-15 09:13:48.3212|DEBUG|Microsoft.AspNetCore.Mvc.Razor.Compilation.DefaultViewCompiler|Initializing Razor view compiler with compiled view: '/Areas/Identity/Pages/Account/_ViewImports.cshtml'.
2024-03-15 09:13:48.3212|DEBUG|Microsoft.AspNetCore.Mvc.Razor.Compilation.DefaultViewCompiler|Initializing Razor view compiler with compiled view: '/Areas/Identity/Pages/Error.cshtml'.
2024-03-15 09:13:48.3212|DEBUG|Microsoft.AspNetCore.Mvc.Razor.Compilation.DefaultViewCompiler|Initializing Razor view compiler with compiled view: '/Areas/Identity/Pages/_Layout.cshtml'.
2024-03-15 09:13:48.3212|DEBUG|Microsoft.AspNetCore.Mvc.Razor.Compilation.DefaultViewCompiler|Initializing Razor view compiler with compiled view: '/Areas/Identity/Pages/_ValidationScriptsPartial.cshtml'.
2024-03-15 09:13:48.3212|DEBUG|Microsoft.AspNetCore.Mvc.Razor.Compilation.DefaultViewCompiler|Initializing Razor view compiler with compiled view: '/Areas/Identity/Pages/_ViewImports.cshtml'.
2024-03-15 09:13:48.3212|DEBUG|Microsoft.AspNetCore.Mvc.Razor.Compilation.DefaultViewCompiler|Initializing Razor view compiler with compiled view: '/Areas/Identity/Pages/_ViewStart.cshtml'.
2024-03-15 09:13:48.3338|DEBUG|Microsoft.AspNetCore.Mvc.ModelBinding.ModelBinderFactory|Registered model binder providers, in the following order: Microsoft.AspNetCore.Mvc.ModelBinding.Binders.BinderTypeModelBinderProvider, Microsoft.AspNetCore.Mvc.ModelBinding.Binders.ServicesModelBinderProvider, Microsoft.AspNetCore.Mvc.ModelBinding.Binders.BodyModelBinderProvider, Microsoft.AspNetCore.Mvc.ModelBinding.Binders.HeaderModelBinderProvider, Microsoft.AspNetCore.Mvc.ModelBinding.Binders.FloatingPointTypeModelBinderProvider, Microsoft.AspNetCore.Mvc.ModelBinding.Binders.EnumTypeModelBinderProvider, Microsoft.AspNetCore.Mvc.ModelBinding.Binders.DateTimeModelBinderProvider, Microsoft.AspNetCore.Mvc.ModelBinding.Binders.SimpleTypeModelBinderProvider, Microsoft.AspNetCore.Mvc.ModelBinding.Binders.TryParseModelBinderProvider, Microsoft.AspNetCore.Mvc.ModelBinding.Binders.CancellationTokenModelBinderProvider, Microsoft.AspNetCore.Mvc.ModelBinding.Binders.ByteArrayModelBinderProvider, Microsoft.AspNetCore.Mvc.ModelBinding.Binders.FormFileModelBinderProvider, Microsoft.AspNetCore.Mvc.ModelBinding.Binders.FormCollectionModelBinderProvider, Microsoft.AspNetCore.Mvc.ModelBinding.Binders.KeyValuePairModelBinderProvider, Microsoft.AspNetCore.Mvc.ModelBinding.Binders.DictionaryModelBinderProvider, Microsoft.AspNetCore.Mvc.ModelBinding.Binders.ArrayModelBinderProvider, Microsoft.AspNetCore.Mvc.ModelBinding.Binders.CollectionModelBinderProvider, Microsoft.AspNetCore.Mvc.ModelBinding.Binders.ComplexObjectModelBinderProvider
2024-03-15 09:13:48.4290|INFO|Microsoft.AspNetCore.DataProtection.KeyManagement.XmlKeyManager|User profile is available. Using 'C:\Users\fedmartin\AppData\Local\ASP.NET\DataProtection-Keys' as key repository and Windows DPAPI to encrypt keys at rest.
2024-03-15 09:13:48.6741|DEBUG|Microsoft.Extensions.Hosting.Internal.Host|Hosting starting
2024-03-15 09:13:48.6741|DEBUG|Microsoft.AspNetCore.DataProtection.Repositories.FileSystemXmlRepository|Reading data from file 'C:\Users\fedmartin\AppData\Local\ASP.NET\DataProtection-Keys\key-ba44b1c1-fdab-427e-a9cd-76463a47ec19.xml'.
2024-03-15 09:13:48.7042|DEBUG|Microsoft.AspNetCore.DataProtection.KeyManagement.XmlKeyManager|Found key {ba44b1c1-fdab-427e-a9cd-76463a47ec19}.
2024-03-15 09:13:48.7042|DEBUG|Microsoft.AspNetCore.DataProtection.KeyManagement.DefaultKeyResolver|Considering key {ba44b1c1-fdab-427e-a9cd-76463a47ec19} with expiration date 2024-04-16 13:44:34Z as default key.
2024-03-15 09:13:48.7192|DEBUG|Microsoft.AspNetCore.DataProtection.TypeForwardingActivator|Forwarded activator type request from Microsoft.AspNetCore.DataProtection.XmlEncryption.DpapiXmlDecryptor, Microsoft.AspNetCore.DataProtection, Version=8.0.0.0, Culture=neutral, PublicKeyToken=adb9793829ddae60 to Microsoft.AspNetCore.DataProtection.XmlEncryption.DpapiXmlDecryptor, Microsoft.AspNetCore.DataProtection, Culture=neutral, PublicKeyToken=adb9793829ddae60
2024-03-15 09:13:48.7192|DEBUG|Microsoft.AspNetCore.DataProtection.XmlEncryption.DpapiXmlDecryptor|Decrypting secret element using Windows DPAPI.
2024-03-15 09:13:48.7192|DEBUG|Microsoft.AspNetCore.DataProtection.TypeForwardingActivator|Forwarded activator type request from Microsoft.AspNetCore.DataProtection.AuthenticatedEncryption.ConfigurationModel.AuthenticatedEncryptorDescriptorDeserializer, Microsoft.AspNetCore.DataProtection, Version=8.0.0.0, Culture=neutral, PublicKeyToken=adb9793829ddae60 to Microsoft.AspNetCore.DataProtection.AuthenticatedEncryption.ConfigurationModel.AuthenticatedEncryptorDescriptorDeserializer, Microsoft.AspNetCore.DataProtection, Culture=neutral, PublicKeyToken=adb9793829ddae60
2024-03-15 09:13:48.7192|DEBUG|Microsoft.AspNetCore.DataProtection.AuthenticatedEncryption.CngCbcAuthenticatedEncryptorFactory|Opening CNG algorithm 'AES' from provider '(null)' with chaining mode CBC.
2024-03-15 09:13:48.7192|DEBUG|Microsoft.AspNetCore.DataProtection.AuthenticatedEncryption.CngCbcAuthenticatedEncryptorFactory|Opening CNG algorithm 'SHA256' from provider '(null)' with HMAC.
2024-03-15 09:13:48.7192|DEBUG|Microsoft.AspNetCore.DataProtection.KeyManagement.KeyRingProvider|Using key {ba44b1c1-fdab-427e-a9cd-76463a47ec19} as the default key.
2024-03-15 09:13:48.7192|DEBUG|Microsoft.AspNetCore.DataProtection.Internal.DataProtectionHostedService|Key ring with default key {ba44b1c1-fdab-427e-a9cd-76463a47ec19} was loaded during application startup.
2024-03-15 09:13:49.1671|DEBUG|Microsoft.AspNetCore.Server.Kestrel.Connections|Connection id "0HN24T5FFVS3U" accepted.
2024-03-15 09:13:49.1671|DEBUG|Microsoft.AspNetCore.Server.Kestrel.Connections|Connection id "0HN24T5FFVS3U" started.
2024-03-15 09:13:49.1712|INFO|Microsoft.Hosting.Lifetime|Now listening on: https://localhost:7083
2024-03-15 09:13:49.1712|INFO|Microsoft.Hosting.Lifetime|Now listening on: http://localhost:5062
2024-03-15 09:13:49.1712|DEBUG|Microsoft.AspNetCore.Hosting.Diagnostics|Loaded hosting startup assembly API.Mastery.Udemy
2024-03-15 09:13:49.1712|DEBUG|Microsoft.AspNetCore.Hosting.Diagnostics|Loaded hosting startup assembly Microsoft.WebTools.ApiEndpointDiscovery
2024-03-15 09:13:49.1712|DEBUG|Microsoft.AspNetCore.Hosting.Diagnostics|Loaded hosting startup assembly Microsoft.AspNetCore.Watch.BrowserRefresh
2024-03-15 09:13:49.1712|DEBUG|Microsoft.AspNetCore.Hosting.Diagnostics|Loaded hosting startup assembly Microsoft.WebTools.BrowserLink.Net
2024-03-15 09:13:49.1922|DEBUG|Microsoft.AspNetCore.Server.Kestrel.Connections|Connection id "0HN24T5FFVS3V" accepted.
2024-03-15 09:13:49.1922|DEBUG|Microsoft.AspNetCore.Server.Kestrel.Connections|Connection id "0HN24T5FFVS3V" started.
2024-03-15 09:13:49.2162|INFO|Microsoft.Hosting.Lifetime|Application started. Press Ctrl+C to shut down.
2024-03-15 09:13:49.2162|INFO|Microsoft.Hosting.Lifetime|Hosting environment: Development
2024-03-15 09:13:49.2162|INFO|Microsoft.Hosting.Lifetime|Content root path: C:\Users\fedmartin\Desktop\Udemy\Udemy_API\FurnitureStore\API.Mastery.Udemy
2024-03-15 09:13:49.2162|DEBUG|Microsoft.Extensions.Hosting.Internal.Host|Hosting started
2024-03-15 09:13:49.3502|DEBUG|Microsoft.AspNetCore.Server.Kestrel.Connections|Connection id "0HN24T5FFVS40" accepted.
2024-03-15 09:13:49.3502|DEBUG|Microsoft.AspNetCore.Server.Kestrel.Connections|Connection id "0HN24T5FFVS40" started.
2024-03-15 09:13:49.3952|DEBUG|Microsoft.AspNetCore.Server.Kestrel.Https.Internal.HttpsConnectionMiddleware|Connection 0HN24T5FFVS40 established using the following protocol: Tls12
2024-03-15 09:13:49.4954|INFO|Microsoft.AspNetCore.Hosting.Diagnostics|Request starting HTTP/2 GET https://localhost:7083/swagger - - -
2024-03-15 09:13:49.6365|DEBUG|Microsoft.AspNetCore.HostFiltering.HostFilteringMiddleware|Wildcard detected, all requests with hosts will be allowed.
2024-03-15 09:13:49.6541|DEBUG|Microsoft.AspNetCore.Routing.Matching.DfaMatcher|No candidates found for the request path '/swagger'
2024-03-15 09:13:49.6541|DEBUG|Microsoft.AspNetCore.Routing.EndpointRoutingMiddleware|Request did not match any endpoints
2024-03-15 09:13:49.7180|INFO|Microsoft.AspNetCore.Hosting.Diagnostics|Request finished HTTP/2 GET https://localhost:7083/swagger - 301 0 - 226.1401ms
2024-03-15 09:13:49.7180|INFO|Microsoft.AspNetCore.Hosting.Diagnostics|Request starting HTTP/2 GET https://localhost:7083/swagger/index.html - - -
2024-03-15 09:13:49.7934|DEBUG|Microsoft.AspNetCore.Routing.Matching.DfaMatcher|No candidates found for the request path '/swagger/index.html'
2024-03-15 09:13:49.7934|DEBUG|Microsoft.AspNetCore.Routing.EndpointRoutingMiddleware|Request did not match any endpoints
2024-03-15 09:13:49.8286|DEBUG|Microsoft.WebTools.BrowserLink.Net.BrowserLinkMiddleware|Response markup is scheduled to include Browser Link script injection.
2024-03-15 09:13:49.8286|DEBUG|Microsoft.AspNetCore.Watch.BrowserRefresh.BrowserRefreshMiddleware|Response markup is scheduled to include browser refresh script injection.
2024-03-15 09:13:49.8435|DEBUG|Microsoft.WebTools.BrowserLink.Net.BrowserLinkMiddleware|Response markup was updated to include Browser Link script injection.
2024-03-15 09:13:49.8435|DEBUG|Microsoft.AspNetCore.Watch.BrowserRefresh.BrowserRefreshMiddleware|Response markup was updated to include browser refresh script injection.
2024-03-15 09:13:49.8435|INFO|Microsoft.AspNetCore.Hosting.Diagnostics|Request finished HTTP/2 GET https://localhost:7083/swagger/index.html - 200 - text/html;charset=utf-8 120.4111ms
2024-03-15 09:13:49.8435|INFO|Microsoft.AspNetCore.Hosting.Diagnostics|Request starting HTTP/2 GET https://localhost:7083/swagger/swagger-ui-bundle.js - - -
2024-03-15 09:13:49.8435|INFO|Microsoft.AspNetCore.Hosting.Diagnostics|Request starting HTTP/2 GET https://localhost:7083/swagger/swagger-ui.css - - -
2024-03-15 09:13:49.8435|DEBUG|Microsoft.AspNetCore.Routing.Matching.DfaMatcher|No candidates found for the request path '/swagger/swagger-ui-bundle.js'
2024-03-15 09:13:49.8435|INFO|Microsoft.AspNetCore.Hosting.Diagnostics|Request starting HTTP/2 GET https://localhost:7083/swagger/swagger-ui-standalone-preset.js - - -
2024-03-15 09:13:49.8435|DEBUG|Microsoft.AspNetCore.Routing.EndpointRoutingMiddleware|Request did not match any endpoints
2024-03-15 09:13:49.8435|DEBUG|Microsoft.AspNetCore.Routing.Matching.DfaMatcher|No candidates found for the request path '/swagger/swagger-ui.css'
2024-03-15 09:13:49.8435|DEBUG|Microsoft.AspNetCore.Routing.Matching.DfaMatcher|No candidates found for the request path '/swagger/swagger-ui-standalone-preset.js'
2024-03-15 09:13:49.8435|DEBUG|Microsoft.AspNetCore.Routing.EndpointRoutingMiddleware|Request did not match any endpoints
2024-03-15 09:13:49.8435|DEBUG|Microsoft.AspNetCore.Routing.EndpointRoutingMiddleware|Request did not match any endpoints
2024-03-15 09:13:49.8435|INFO|Microsoft.AspNetCore.Hosting.Diagnostics|Request starting HTTP/2 GET https://localhost:7083/_framework/aspnetcore-browser-refresh.js - - -
2024-03-15 09:13:49.8435|INFO|Microsoft.AspNetCore.Hosting.Diagnostics|Request starting HTTP/2 GET https://localhost:7083/_vs/browserLink - - -
2024-03-15 09:13:49.8596|INFO|Microsoft.AspNetCore.Hosting.Diagnostics|Request finished HTTP/2 GET https://localhost:7083/_framework/aspnetcore-browser-refresh.js - 200 13770 application/javascript;+charset=utf-8 14.3119ms
2024-03-15 09:13:49.8788|INFO|Microsoft.AspNetCore.StaticFiles.StaticFileMiddleware|Sending file. Request path: '/swagger-ui.css'. Physical path: 'N/A'
2024-03-15 09:13:49.8788|INFO|Microsoft.AspNetCore.Hosting.Diagnostics|Request finished HTTP/2 GET https://localhost:7083/swagger/swagger-ui.css - 200 143943 text/css 36.1460ms
2024-03-15 09:13:49.8788|INFO|Microsoft.AspNetCore.StaticFiles.StaticFileMiddleware|Sending file. Request path: '/swagger-ui-standalone-preset.js'. Physical path: 'N/A'
2024-03-15 09:13:49.8788|INFO|Microsoft.AspNetCore.Hosting.Diagnostics|Request finished HTTP/2 GET https://localhost:7083/swagger/swagger-ui-standalone-preset.js - 200 339486 text/javascript 44.6272ms
2024-03-15 09:13:49.9084|INFO|Microsoft.AspNetCore.StaticFiles.StaticFileMiddleware|Sending file. Request path: '/swagger-ui-bundle.js'. Physical path: 'N/A'
2024-03-15 09:13:49.9084|INFO|Microsoft.AspNetCore.Hosting.Diagnostics|Request finished HTTP/2 GET https://localhost:7083/swagger/swagger-ui-bundle.js - 200 1096145 text/javascript 64.3356ms
2024-03-15 09:13:49.9281|INFO|Microsoft.AspNetCore.Hosting.Diagnostics|Request finished HTTP/2 GET https://localhost:7083/_vs/browserLink - 200 - text/javascript;+charset=UTF-8 82.3678ms
2024-03-15 09:13:50.0635|INFO|Microsoft.AspNetCore.Hosting.Diagnostics|Request starting HTTP/2 GET https://localhost:7083/swagger/v1/swagger.json - - -
2024-03-15 09:13:50.0635|DEBUG|Microsoft.AspNetCore.Routing.Matching.DfaMatcher|No candidates found for the request path '/swagger/v1/swagger.json'
2024-03-15 09:13:50.0635|DEBUG|Microsoft.AspNetCore.Routing.EndpointRoutingMiddleware|Request did not match any endpoints
2024-03-15 09:13:50.1529|INFO|Microsoft.AspNetCore.Hosting.Diagnostics|Request finished HTTP/2 GET https://localhost:7083/swagger/v1/swagger.json - 200 - application/json;charset=utf-8 89.5405ms
2024-03-15 09:13:59.2038|DEBUG|Microsoft.AspNetCore.Server.Kestrel.Https.Internal.HttpsConnectionMiddleware|Authentication of the HTTPS connection timed out.
2024-03-15 09:13:59.2038|DEBUG|Microsoft.AspNetCore.Server.Kestrel.Https.Internal.HttpsConnectionMiddleware|Authentication of the HTTPS connection timed out.
2024-03-15 09:13:59.2058|DEBUG|Microsoft.AspNetCore.Server.Kestrel.Connections|Connection id "0HN24T5FFVS3V" stopped.
2024-03-15 09:13:59.2058|DEBUG|Microsoft.AspNetCore.Server.Kestrel.Connections|Connection id "0HN24T5FFVS3U" stopped.
2024-03-15 09:13:59.2058|DEBUG|Microsoft.AspNetCore.Server.Kestrel.Transport.Sockets|Connection id "0HN24T5FFVS3V" sending FIN because: "The Socket transport's send loop completed gracefully."
2024-03-15 09:13:59.2058|DEBUG|Microsoft.AspNetCore.Server.Kestrel.Transport.Sockets|Connection id "0HN24T5FFVS3U" sending FIN because: "The Socket transport's send loop completed gracefully."
2024-03-15 09:17:27.9839|DEBUG|Program|Init main
2024-03-15 09:17:28.5197|DEBUG|Microsoft.AspNetCore.Mvc.Razor.Compilation.DefaultViewCompiler|Initializing Razor view compiler with compiled view: '/Areas/Identity/Pages/Account/AccessDenied.cshtml'.
2024-03-15 09:17:28.5256|DEBUG|Microsoft.AspNetCore.Mvc.Razor.Compilation.DefaultViewCompiler|Initializing Razor view compiler with compiled view: '/Areas/Identity/Pages/Account/ConfirmEmail.cshtml'.
2024-03-15 09:17:28.5256|DEBUG|Microsoft.AspNetCore.Mvc.Razor.Compilation.DefaultViewCompiler|Initializing Razor view compiler with compiled view: '/Areas/Identity/Pages/Account/ConfirmEmailChange.cshtml'.
2024-03-15 09:17:28.5256|DEBUG|Microsoft.AspNetCore.Mvc.Razor.Compilation.DefaultViewCompiler|Initializing Razor view compiler with compiled view: '/Areas/Identity/Pages/Account/ExternalLogin.cshtml'.
2024-03-15 09:17:28.5256|DEBUG|Microsoft.AspNetCore.Mvc.Razor.Compilation.DefaultViewCompiler|Initializing Razor view compiler with compiled view: '/Areas/Identity/Pages/Account/ForgotPassword.cshtml'.
2024-03-15 09:17:28.5256|DEBUG|Microsoft.AspNetCore.Mvc.Razor.Compilation.DefaultViewCompiler|Initializing Razor view compiler with compiled view: '/Areas/Identity/Pages/Account/ForgotPasswordConfirmation.cshtml'.
2024-03-15 09:17:28.5256|DEBUG|Microsoft.AspNetCore.Mvc.Razor.Compilation.DefaultViewCompiler|Initializing Razor view compiler with compiled view: '/Areas/Identity/Pages/Account/Lockout.cshtml'.
2024-03-15 09:17:28.5256|DEBUG|Microsoft.AspNetCore.Mvc.Razor.Compilation.DefaultViewCompiler|Initializing Razor view compiler with compiled view: '/Areas/Identity/Pages/Account/Login.cshtml'.
2024-03-15 09:17:28.5256|DEBUG|Microsoft.AspNetCore.Mvc.Razor.Compilation.DefaultViewCompiler|Initializing Razor view compiler with compiled view: '/Areas/Identity/Pages/Account/LoginWith2fa.cshtml'.
2024-03-15 09:17:28.5256|DEBUG|Microsoft.AspNetCore.Mvc.Razor.Compilation.DefaultViewCompiler|Initializing Razor view compiler with compiled view: '/Areas/Identity/Pages/Account/LoginWithRecoveryCode.cshtml'.
2024-03-15 09:17:28.5256|DEBUG|Microsoft.AspNetCore.Mvc.Razor.Compilation.DefaultViewCompiler|Initializing Razor view compiler with compiled view: '/Areas/Identity/Pages/Account/Logout.cshtml'.
2024-03-15 09:17:28.5256|DEBUG|Microsoft.AspNetCore.Mvc.Razor.Compilation.DefaultViewCompiler|Initializing Razor view compiler with compiled view: '/Areas/Identity/Pages/Account/Manage/ChangePassword.cshtml'.
2024-03-15 09:17:28.5256|DEBUG|Microsoft.AspNetCore.Mvc.Razor.Compilation.DefaultViewCompiler|Initializing Razor view compiler with compiled view: '/Areas/Identity/Pages/Account/Manage/DeletePersonalData.cshtml'.
2024-03-15 09:17:28.5256|DEBUG|Microsoft.AspNetCore.Mvc.Razor.Compilation.DefaultViewCompiler|Initializing Razor view compiler with compiled view: '/Areas/Identity/Pages/Account/Manage/Disable2fa.cshtml'.
2024-03-15 09:17:28.5256|DEBUG|Microsoft.AspNetCore.Mvc.Razor.Compilation.DefaultViewCompiler|Initializing Razor view compiler with compiled view: '/Areas/Identity/Pages/Account/Manage/DownloadPersonalData.cshtml'.
2024-03-15 09:17:28.5256|DEBUG|Microsoft.AspNetCore.Mvc.Razor.Compilation.DefaultViewCompiler|Initializing Razor view compiler with compiled view: '/Areas/Identity/Pages/Account/Manage/Email.cshtml'.
2024-03-15 09:17:28.5256|DEBUG|Microsoft.AspNetCore.Mvc.Razor.Compilation.DefaultViewCompiler|Initializing Razor view compiler with compiled view: '/Areas/Identity/Pages/Account/Manage/EnableAuthenticator.cshtml'.
2024-03-15 09:17:28.5256|DEBUG|Microsoft.AspNetCore.Mvc.Razor.Compilation.DefaultViewCompiler|Initializing Razor view compiler with compiled view: '/Areas/Identity/Pages/Account/Manage/ExternalLogins.cshtml'.
2024-03-15 09:17:28.5256|DEBUG|Microsoft.AspNetCore.Mvc.Razor.Compilation.DefaultViewCompiler|Initializing Razor view compiler with compiled view: '/Areas/Identity/Pages/Account/Manage/GenerateRecoveryCodes.cshtml'.
2024-03-15 09:17:28.5256|DEBUG|Microsoft.AspNetCore.Mvc.Razor.Compilation.DefaultViewCompiler|Initializing Razor view compiler with compiled view: '/Areas/Identity/Pages/Account/Manage/Index.cshtml'.
2024-03-15 09:17:28.5256|DEBUG|Microsoft.AspNetCore.Mvc.Razor.Compilation.DefaultViewCompiler|Initializing Razor view compiler with compiled view: '/Areas/Identity/Pages/Account/Manage/PersonalData.cshtml'.
2024-03-15 09:17:28.5256|DEBUG|Microsoft.AspNetCore.Mvc.Razor.Compilation.DefaultViewCompiler|Initializing Razor view compiler with compiled view: '/Areas/Identity/Pages/Account/Manage/ResetAuthenticator.cshtml'.
2024-03-15 09:17:28.5256|DEBUG|Microsoft.AspNetCore.Mvc.Razor.Compilation.DefaultViewCompiler|Initializing Razor view compiler with compiled view: '/Areas/Identity/Pages/Account/Manage/SetPassword.cshtml'.
2024-03-15 09:17:28.5256|DEBUG|Microsoft.AspNetCore.Mvc.Razor.Compilation.DefaultViewCompiler|Initializing Razor view compiler with compiled view: '/Areas/Identity/Pages/Account/Manage/ShowRecoveryCodes.cshtml'.
2024-03-15 09:17:28.5256|DEBUG|Microsoft.AspNetCore.Mvc.Razor.Compilation.DefaultViewCompiler|Initializing Razor view compiler with compiled view: '/Areas/Identity/Pages/Account/Manage/TwoFactorAuthentication.cshtml'.
2024-03-15 09:17:28.5256|DEBUG|Microsoft.AspNetCore.Mvc.Razor.Compilation.DefaultViewCompiler|Initializing Razor view compiler with compiled view: '/Areas/Identity/Pages/Account/Manage/_Layout.cshtml'.
2024-03-15 09:17:28.5256|DEBUG|Microsoft.AspNetCore.Mvc.Razor.Compilation.DefaultViewCompiler|Initializing Razor view compiler with compiled view: '/Areas/Identity/Pages/Account/Manage/_ManageNav.cshtml'.
2024-03-15 09:17:28.5256|DEBUG|Microsoft.AspNetCore.Mvc.Razor.Compilation.DefaultViewCompiler|Initializing Razor view compiler with compiled view: '/Areas/Identity/Pages/Account/Manage/_StatusMessage.cshtml'.
2024-03-15 09:17:28.5256|DEBUG|Microsoft.AspNetCore.Mvc.Razor.Compilation.DefaultViewCompiler|Initializing Razor view compiler with compiled view: '/Areas/Identity/Pages/Account/Manage/_ViewImports.cshtml'.
2024-03-15 09:17:28.5256|DEBUG|Microsoft.AspNetCore.Mvc.Razor.Compilation.DefaultViewCompiler|Initializing Razor view compiler with compiled view: '/Areas/Identity/Pages/Account/Manage/_ViewStart.cshtml'.
2024-03-15 09:17:28.5256|DEBUG|Microsoft.AspNetCore.Mvc.Razor.Compilation.DefaultViewCompiler|Initializing Razor view compiler with compiled view: '/Areas/Identity/Pages/Account/Register.cshtml'.
2024-03-15 09:17:28.5256|DEBUG|Microsoft.AspNetCore.Mvc.Razor.Compilation.DefaultViewCompiler|Initializing Razor view compiler with compiled view: '/Areas/Identity/Pages/Account/RegisterConfirmation.cshtml'.
2024-03-15 09:17:28.5256|DEBUG|Microsoft.AspNetCore.Mvc.Razor.Compilation.DefaultViewCompiler|Initializing Razor view compiler with compiled view: '/Areas/Identity/Pages/Account/ResendEmailConfirmation.cshtml'.
2024-03-15 09:17:28.5256|DEBUG|Microsoft.AspNetCore.Mvc.Razor.Compilation.DefaultViewCompiler|Initializing Razor view compiler with compiled view: '/Areas/Identity/Pages/Account/ResetPassword.cshtml'.
2024-03-15 09:17:28.5256|DEBUG|Microsoft.AspNetCore.Mvc.Razor.Compilation.DefaultViewCompiler|Initializing Razor view compiler with compiled view: '/Areas/Identity/Pages/Account/ResetPasswordConfirmation.cshtml'.
2024-03-15 09:17:28.5256|DEBUG|Microsoft.AspNetCore.Mvc.Razor.Compilation.DefaultViewCompiler|Initializing Razor view compiler with compiled view: '/Areas/Identity/Pages/Account/_StatusMessage.cshtml'.
2024-03-15 09:17:28.5256|DEBUG|Microsoft.AspNetCore.Mvc.Razor.Compilation.DefaultViewCompiler|Initializing Razor view compiler with compiled view: '/Areas/Identity/Pages/Account/_ViewImports.cshtml'.
2024-03-15 09:17:28.5256|DEBUG|Microsoft.AspNetCore.Mvc.Razor.Compilation.DefaultViewCompiler|Initializing Razor view compiler with compiled view: '/Areas/Identity/Pages/Error.cshtml'.
2024-03-15 09:17:28.5256|DEBUG|Microsoft.AspNetCore.Mvc.Razor.Compilation.DefaultViewCompiler|Initializing Razor view compiler with compiled view: '/Areas/Identity/Pages/_Layout.cshtml'.
2024-03-15 09:17:28.5256|DEBUG|Microsoft.AspNetCore.Mvc.Razor.Compilation.DefaultViewCompiler|Initializing Razor view compiler with compiled view: '/Areas/Identity/Pages/_ValidationScriptsPartial.cshtml'.
2024-03-15 09:17:28.5256|DEBUG|Microsoft.AspNetCore.Mvc.Razor.Compilation.DefaultViewCompiler|Initializing Razor view compiler with compiled view: '/Areas/Identity/Pages/_ViewImports.cshtml'.
2024-03-15 09:17:28.5256|DEBUG|Microsoft.AspNetCore.Mvc.Razor.Compilation.DefaultViewCompiler|Initializing Razor view compiler with compiled view: '/Areas/Identity/Pages/_ViewStart.cshtml'.
2024-03-15 09:17:28.5256|DEBUG|Microsoft.AspNetCore.Mvc.ModelBinding.ModelBinderFactory|Registered model binder providers, in the following order: Microsoft.AspNetCore.Mvc.ModelBinding.Binders.BinderTypeModelBinderProvider, Microsoft.AspNetCore.Mvc.ModelBinding.Binders.ServicesModelBinderProvider, Microsoft.AspNetCore.Mvc.ModelBinding.Binders.BodyModelBinderProvider, Microsoft.AspNetCore.Mvc.ModelBinding.Binders.HeaderModelBinderProvider, Microsoft.AspNetCore.Mvc.ModelBinding.Binders.FloatingPointTypeModelBinderProvider, Microsoft.AspNetCore.Mvc.ModelBinding.Binders.EnumTypeModelBinderProvider, Microsoft.AspNetCore.Mvc.ModelBinding.Binders.DateTimeModelBinderProvider, Microsoft.AspNetCore.Mvc.ModelBinding.Binders.SimpleTypeModelBinderProvider, Microsoft.AspNetCore.Mvc.ModelBinding.Binders.TryParseModelBinderProvider, Microsoft.AspNetCore.Mvc.ModelBinding.Binders.CancellationTokenModelBinderProvider, Microsoft.AspNetCore.Mvc.ModelBinding.Binders.ByteArrayModelBinderProvider, Microsoft.AspNetCore.Mvc.ModelBinding.Binders.FormFileModelBinderProvider, Microsoft.AspNetCore.Mvc.ModelBinding.Binders.FormCollectionModelBinderProvider, Microsoft.AspNetCore.Mvc.ModelBinding.Binders.KeyValuePairModelBinderProvider, Microsoft.AspNetCore.Mvc.ModelBinding.Binders.DictionaryModelBinderProvider, Microsoft.AspNetCore.Mvc.ModelBinding.Binders.ArrayModelBinderProvider, Microsoft.AspNetCore.Mvc.ModelBinding.Binders.CollectionModelBinderProvider, Microsoft.AspNetCore.Mvc.ModelBinding.Binders.ComplexObjectModelBinderProvider
2024-03-15 09:17:28.5578|INFO|Microsoft.AspNetCore.DataProtection.KeyManagement.XmlKeyManager|User profile is available. Using 'C:\Users\fedmartin\AppData\Local\ASP.NET\DataProtection-Keys' as key repository and Windows DPAPI to encrypt keys at rest.
2024-03-15 09:17:28.6693|DEBUG|Microsoft.Extensions.Hosting.Internal.Host|Hosting starting
2024-03-15 09:17:28.6693|DEBUG|Microsoft.AspNetCore.DataProtection.Repositories.FileSystemXmlRepository|Reading data from file 'C:\Users\fedmartin\AppData\Local\ASP.NET\DataProtection-Keys\key-ba44b1c1-fdab-427e-a9cd-76463a47ec19.xml'.
2024-03-15 09:17:28.6831|DEBUG|Microsoft.AspNetCore.DataProtection.KeyManagement.XmlKeyManager|Found key {ba44b1c1-fdab-427e-a9cd-76463a47ec19}.
2024-03-15 09:17:28.6831|DEBUG|Microsoft.AspNetCore.DataProtection.KeyManagement.DefaultKeyResolver|Considering key {ba44b1c1-fdab-427e-a9cd-76463a47ec19} with expiration date 2024-04-16 13:44:34Z as default key.
2024-03-15 09:17:28.6831|DEBUG|Microsoft.AspNetCore.DataProtection.TypeForwardingActivator|Forwarded activator type request from Microsoft.AspNetCore.DataProtection.XmlEncryption.DpapiXmlDecryptor, Microsoft.AspNetCore.DataProtection, Version=8.0.0.0, Culture=neutral, PublicKeyToken=adb9793829ddae60 to Microsoft.AspNetCore.DataProtection.XmlEncryption.DpapiXmlDecryptor, Microsoft.AspNetCore.DataProtection, Culture=neutral, PublicKeyToken=adb9793829ddae60
2024-03-15 09:17:28.6831|DEBUG|Microsoft.AspNetCore.DataProtection.XmlEncryption.DpapiXmlDecryptor|Decrypting secret element using Windows DPAPI.
2024-03-15 09:17:28.6831|DEBUG|Microsoft.AspNetCore.DataProtection.TypeForwardingActivator|Forwarded activator type request from Microsoft.AspNetCore.DataProtection.AuthenticatedEncryption.ConfigurationModel.AuthenticatedEncryptorDescriptorDeserializer, Microsoft.AspNetCore.DataProtection, Version=8.0.0.0, Culture=neutral, PublicKeyToken=adb9793829ddae60 to Microsoft.AspNetCore.DataProtection.AuthenticatedEncryption.ConfigurationModel.AuthenticatedEncryptorDescriptorDeserializer, Microsoft.AspNetCore.DataProtection, Culture=neutral, PublicKeyToken=adb9793829ddae60
2024-03-15 09:17:28.6831|DEBUG|Microsoft.AspNetCore.DataProtection.AuthenticatedEncryption.CngCbcAuthenticatedEncryptorFactory|Opening CNG algorithm 'AES' from provider '(null)' with chaining mode CBC.
2024-03-15 09:17:28.6973|DEBUG|Microsoft.AspNetCore.DataProtection.AuthenticatedEncryption.CngCbcAuthenticatedEncryptorFactory|Opening CNG algorithm 'SHA256' from provider '(null)' with HMAC.
2024-03-15 09:17:28.6973|DEBUG|Microsoft.AspNetCore.DataProtection.KeyManagement.KeyRingProvider|Using key {ba44b1c1-fdab-427e-a9cd-76463a47ec19} as the default key.
2024-03-15 09:17:28.6973|DEBUG|Microsoft.AspNetCore.DataProtection.Internal.DataProtectionHostedService|Key ring with default key {ba44b1c1-fdab-427e-a9cd-76463a47ec19} was loaded during application startup.
2024-03-15 09:17:28.8708|DEBUG|Microsoft.AspNetCore.Server.Kestrel.Connections|Connection id "0HN24T7GV82T1" accepted.
2024-03-15 09:17:28.8708|DEBUG|Microsoft.AspNetCore.Server.Kestrel.Connections|Connection id "0HN24T7GV82T0" accepted.
2024-03-15 09:17:28.8708|DEBUG|Microsoft.AspNetCore.Server.Kestrel.Connections|Connection id "0HN24T7GV82T1" started.
2024-03-15 09:17:28.8708|DEBUG|Microsoft.AspNetCore.Server.Kestrel.Connections|Connection id "0HN24T7GV82T0" started.
2024-03-15 09:17:28.8708|INFO|Microsoft.Hosting.Lifetime|Now listening on: https://localhost:7083
2024-03-15 09:17:28.8708|INFO|Microsoft.Hosting.Lifetime|Now listening on: http://localhost:5062
2024-03-15 09:17:28.8708|DEBUG|Microsoft.AspNetCore.Hosting.Diagnostics|Loaded hosting startup assembly API.Mastery.Udemy
2024-03-15 09:17:28.8708|DEBUG|Microsoft.AspNetCore.Hosting.Diagnostics|Loaded hosting startup assembly Microsoft.WebTools.ApiEndpointDiscovery
2024-03-15 09:17:28.8708|DEBUG|Microsoft.AspNetCore.Hosting.Diagnostics|Loaded hosting startup assembly Microsoft.AspNetCore.Watch.BrowserRefresh
2024-03-15 09:17:28.8708|DEBUG|Microsoft.AspNetCore.Hosting.Diagnostics|Loaded hosting startup assembly Microsoft.WebTools.BrowserLink.Net
2024-03-15 09:17:28.8866|DEBUG|Microsoft.AspNetCore.Server.Kestrel.Transport.Sockets|Connection id "0HN24T7GV82T1" received FIN.
2024-03-15 09:17:28.8866|DEBUG|Microsoft.AspNetCore.Server.Kestrel.Transport.Sockets|Connection id "0HN24T7GV82T0" received FIN.
2024-03-15 09:17:28.8866|DEBUG|Microsoft.AspNetCore.Server.Kestrel.Https.Internal.HttpsConnectionMiddleware|Failed to authenticate HTTPS connection.|System.IO.IOException: Received an unexpected EOF or 0 bytes from the transport stream.
   at System.Net.Security.SslStream.ReceiveHandshakeFrameAsync[TIOAdapter](CancellationToken cancellationToken)
   at System.Net.Security.SslStream.ForceAuthenticationAsync[TIOAdapter](Boolean receiveFirst, Byte[] reAuthenticationData, CancellationToken cancellationToken)
   at System.Net.Security.SslStream.ProcessAuthenticationWithTelemetryAsync(Boolean isAsync, CancellationToken cancellationToken)
   at Microsoft.AspNetCore.Server.Kestrel.Https.Internal.HttpsConnectionMiddleware.OnConnectionAsync(ConnectionContext context)
2024-03-15 09:17:28.9287|INFO|Microsoft.Hosting.Lifetime|Application started. Press Ctrl+C to shut down.
2024-03-15 09:17:28.8866|DEBUG|Microsoft.AspNetCore.Server.Kestrel.Https.Internal.HttpsConnectionMiddleware|Failed to authenticate HTTPS connection.|System.IO.IOException: Received an unexpected EOF or 0 bytes from the transport stream.
   at System.Net.Security.SslStream.ReceiveHandshakeFrameAsync[TIOAdapter](CancellationToken cancellationToken)
   at System.Net.Security.SslStream.ForceAuthenticationAsync[TIOAdapter](Boolean receiveFirst, Byte[] reAuthenticationData, CancellationToken cancellationToken)
   at System.Net.Security.SslStream.ProcessAuthenticationWithTelemetryAsync(Boolean isAsync, CancellationToken cancellationToken)
   at Microsoft.AspNetCore.Server.Kestrel.Https.Internal.HttpsConnectionMiddleware.OnConnectionAsync(ConnectionContext context)
2024-03-15 09:17:29.0072|INFO|Microsoft.Hosting.Lifetime|Hosting environment: Development
2024-03-15 09:17:29.0072|INFO|Microsoft.Hosting.Lifetime|Content root path: C:\Users\fedmartin\Desktop\Udemy\Udemy_API\FurnitureStore\API.Mastery.Udemy
2024-03-15 09:17:29.0072|DEBUG|Microsoft.Extensions.Hosting.Internal.Host|Hosting started
2024-03-15 09:17:29.0105|DEBUG|Microsoft.AspNetCore.Server.Kestrel.Connections|Connection id "0HN24T7GV82T1" stopped.
2024-03-15 09:17:29.0105|DEBUG|Microsoft.AspNetCore.Server.Kestrel.Connections|Connection id "0HN24T7GV82T0" stopped.
2024-03-15 09:17:29.0105|DEBUG|Microsoft.AspNetCore.Server.Kestrel.Transport.Sockets|Connection id "0HN24T7GV82T0" sending FIN because: "The Socket transport's send loop completed gracefully."
2024-03-15 09:17:29.0105|DEBUG|Microsoft.AspNetCore.Server.Kestrel.Transport.Sockets|Connection id "0HN24T7GV82T1" sending FIN because: "The Socket transport's send loop completed gracefully."
2024-03-15 09:17:29.7246|DEBUG|Microsoft.AspNetCore.Server.Kestrel.Connections|Connection id "0HN24T7GV82T2" accepted.
2024-03-15 09:17:29.7246|DEBUG|Microsoft.AspNetCore.Server.Kestrel.Connections|Connection id "0HN24T7GV82T2" started.
2024-03-15 09:17:29.7671|DEBUG|Microsoft.AspNetCore.Server.Kestrel.Https.Internal.HttpsConnectionMiddleware|Connection 0HN24T7GV82T2 established using the following protocol: Tls12
2024-03-15 09:17:29.8208|INFO|Microsoft.AspNetCore.Hosting.Diagnostics|Request starting HTTP/2 GET https://localhost:7083/swagger/index.html - - -
2024-03-15 09:17:29.9187|DEBUG|Microsoft.AspNetCore.HostFiltering.HostFilteringMiddleware|Wildcard detected, all requests with hosts will be allowed.
2024-03-15 09:17:29.9425|DEBUG|Microsoft.AspNetCore.Routing.Matching.DfaMatcher|No candidates found for the request path '/swagger/index.html'
2024-03-15 09:17:29.9425|DEBUG|Microsoft.AspNetCore.Routing.EndpointRoutingMiddleware|Request did not match any endpoints
2024-03-15 09:17:30.0185|DEBUG|Microsoft.WebTools.BrowserLink.Net.BrowserLinkMiddleware|Response markup is scheduled to include Browser Link script injection.
2024-03-15 09:17:30.0185|DEBUG|Microsoft.AspNetCore.Watch.BrowserRefresh.BrowserRefreshMiddleware|Response markup is scheduled to include browser refresh script injection.
2024-03-15 09:17:30.0355|DEBUG|Microsoft.WebTools.BrowserLink.Net.BrowserLinkMiddleware|Response markup was updated to include Browser Link script injection.
2024-03-15 09:17:30.0355|DEBUG|Microsoft.AspNetCore.Watch.BrowserRefresh.BrowserRefreshMiddleware|Response markup was updated to include browser refresh script injection.
2024-03-15 09:17:30.0355|INFO|Microsoft.AspNetCore.Hosting.Diagnostics|Request finished HTTP/2 GET https://localhost:7083/swagger/index.html - 200 - text/html;charset=utf-8 224.5900ms
2024-03-15 09:17:30.0527|INFO|Microsoft.AspNetCore.Hosting.Diagnostics|Request starting HTTP/2 GET https://localhost:7083/_framework/aspnetcore-browser-refresh.js - - -
2024-03-15 09:17:30.0527|INFO|Microsoft.AspNetCore.Hosting.Diagnostics|Request finished HTTP/2 GET https://localhost:7083/_framework/aspnetcore-browser-refresh.js - 200 13770 application/javascript;+charset=utf-8 5.6296ms
2024-03-15 09:17:30.0636|INFO|Microsoft.AspNetCore.Hosting.Diagnostics|Request starting HTTP/2 GET https://localhost:7083/_vs/browserLink - - -
2024-03-15 09:17:30.1698|INFO|Microsoft.AspNetCore.Hosting.Diagnostics|Request finished HTTP/2 GET https://localhost:7083/_vs/browserLink - 200 - text/javascript;+charset=UTF-8 106.2228ms
2024-03-15 09:17:30.7803|INFO|Microsoft.AspNetCore.Hosting.Diagnostics|Request starting HTTP/2 GET https://localhost:7083/swagger/v1/swagger.json - - -
2024-03-15 09:17:30.7803|DEBUG|Microsoft.AspNetCore.Routing.Matching.DfaMatcher|No candidates found for the request path '/swagger/v1/swagger.json'
2024-03-15 09:17:30.7803|DEBUG|Microsoft.AspNetCore.Routing.EndpointRoutingMiddleware|Request did not match any endpoints
2024-03-15 09:17:30.9179|INFO|Microsoft.AspNetCore.Hosting.Diagnostics|Request finished HTTP/2 GET https://localhost:7083/swagger/v1/swagger.json - 200 - application/json;charset=utf-8 137.6989ms
2024-03-15 09:18:12.2893|INFO|Microsoft.AspNetCore.Hosting.Diagnostics|Request starting HTTP/2 GET https://localhost:7083/api/ProductCategories - - -
2024-03-15 09:18:12.3019|DEBUG|Microsoft.AspNetCore.Routing.Matching.DfaMatcher|1 candidate(s) found for the request path '/api/ProductCategories'
2024-03-15 09:18:12.3019|DEBUG|Microsoft.AspNetCore.Routing.Matching.DfaMatcher|Endpoint 'API.Mastery.Udemy.Controllers.ProductCategoriesController.Get (API.Mastery.Udemy)' with route pattern 'api/ProductCategories' is valid for the request path '/api/ProductCategories'
2024-03-15 09:18:12.3019|DEBUG|Microsoft.AspNetCore.Routing.EndpointRoutingMiddleware|Request matched endpoint 'API.Mastery.Udemy.Controllers.ProductCategoriesController.Get (API.Mastery.Udemy)'
2024-03-15 09:18:12.3019|DEBUG|Microsoft.AspNetCore.StaticFiles.StaticFileMiddleware|Static files was skipped as the request already matched an endpoint.
2024-03-15 09:18:12.3501|DEBUG|Microsoft.AspNetCore.Authentication.JwtBearer.JwtBearerHandler|AuthenticationScheme: Bearer was not authenticated.
2024-03-15 09:18:12.3501|DEBUG|Microsoft.AspNetCore.Authorization.AuthorizationMiddleware|Policy authentication schemes  did not succeed
2024-03-15 09:18:12.3501|INFO|Microsoft.AspNetCore.Authorization.DefaultAuthorizationService|Authorization failed. These requirements were not met:
DenyAnonymousAuthorizationRequirement: Requires an authenticated user.
2024-03-15 09:18:12.3501|INFO|Microsoft.AspNetCore.Authentication.JwtBearer.JwtBearerHandler|AuthenticationScheme: Bearer was challenged.
2024-03-15 09:18:12.3501|INFO|Microsoft.AspNetCore.Hosting.Diagnostics|Request finished HTTP/2 GET https://localhost:7083/api/ProductCategories - 401 0 - 67.9101ms
2024-03-15 09:18:13.3631|INFO|Microsoft.AspNetCore.Hosting.Diagnostics|Request starting HTTP/2 GET https://localhost:7083/api/ProductCategories - - -
2024-03-15 09:18:13.3631|DEBUG|Microsoft.AspNetCore.Routing.Matching.DfaMatcher|1 candidate(s) found for the request path '/api/ProductCategories'
2024-03-15 09:18:13.3631|DEBUG|Microsoft.AspNetCore.Routing.Matching.DfaMatcher|Endpoint 'API.Mastery.Udemy.Controllers.ProductCategoriesController.Get (API.Mastery.Udemy)' with route pattern 'api/ProductCategories' is valid for the request path '/api/ProductCategories'
2024-03-15 09:18:13.3631|DEBUG|Microsoft.AspNetCore.Routing.EndpointRoutingMiddleware|Request matched endpoint 'API.Mastery.Udemy.Controllers.ProductCategoriesController.Get (API.Mastery.Udemy)'
2024-03-15 09:18:13.3631|DEBUG|Microsoft.AspNetCore.StaticFiles.StaticFileMiddleware|Static files was skipped as the request already matched an endpoint.
2024-03-15 09:18:13.3631|DEBUG|Microsoft.AspNetCore.Authentication.JwtBearer.JwtBearerHandler|AuthenticationScheme: Bearer was not authenticated.
2024-03-15 09:18:13.3631|DEBUG|Microsoft.AspNetCore.Authorization.AuthorizationMiddleware|Policy authentication schemes  did not succeed
2024-03-15 09:18:13.3631|INFO|Microsoft.AspNetCore.Authorization.DefaultAuthorizationService|Authorization failed. These requirements were not met:
DenyAnonymousAuthorizationRequirement: Requires an authenticated user.
2024-03-15 09:18:13.3631|INFO|Microsoft.AspNetCore.Authentication.JwtBearer.JwtBearerHandler|AuthenticationScheme: Bearer was challenged.
2024-03-15 09:18:13.3631|INFO|Microsoft.AspNetCore.Hosting.Diagnostics|Request finished HTTP/2 GET https://localhost:7083/api/ProductCategories - 401 0 - 6.3289ms
2024-03-15 09:18:14.0617|INFO|Microsoft.AspNetCore.Hosting.Diagnostics|Request starting HTTP/2 GET https://localhost:7083/api/ProductCategories - - -
2024-03-15 09:18:14.0617|DEBUG|Microsoft.AspNetCore.Routing.Matching.DfaMatcher|1 candidate(s) found for the request path '/api/ProductCategories'
2024-03-15 09:18:14.0617|DEBUG|Microsoft.AspNetCore.Routing.Matching.DfaMatcher|Endpoint 'API.Mastery.Udemy.Controllers.ProductCategoriesController.Get (API.Mastery.Udemy)' with route pattern 'api/ProductCategories' is valid for the request path '/api/ProductCategories'
2024-03-15 09:18:14.0617|DEBUG|Microsoft.AspNetCore.Routing.EndpointRoutingMiddleware|Request matched endpoint 'API.Mastery.Udemy.Controllers.ProductCategoriesController.Get (API.Mastery.Udemy)'
2024-03-15 09:18:14.0617|DEBUG|Microsoft.AspNetCore.StaticFiles.StaticFileMiddleware|Static files was skipped as the request already matched an endpoint.
2024-03-15 09:18:14.0617|DEBUG|Microsoft.AspNetCore.Authentication.JwtBearer.JwtBearerHandler|AuthenticationScheme: Bearer was not authenticated.
2024-03-15 09:18:14.0617|DEBUG|Microsoft.AspNetCore.Authorization.AuthorizationMiddleware|Policy authentication schemes  did not succeed
2024-03-15 09:18:14.0617|INFO|Microsoft.AspNetCore.Authorization.DefaultAuthorizationService|Authorization failed. These requirements were not met:
DenyAnonymousAuthorizationRequirement: Requires an authenticated user.
2024-03-15 09:18:14.0617|INFO|Microsoft.AspNetCore.Authentication.JwtBearer.JwtBearerHandler|AuthenticationScheme: Bearer was challenged.
2024-03-15 09:18:14.0617|INFO|Microsoft.AspNetCore.Hosting.Diagnostics|Request finished HTTP/2 GET https://localhost:7083/api/ProductCategories - 401 0 - 2.2513ms
